<?xml version="1.0" encoding="UTF-8"?>
<!-- Generated by org.testng.reporters.JUnitReportReporter -->
<testsuite skipped="0" hostname="TR-B36B1Z2" name="tests.GetAPI" tests="1" failures="0" timestamp="11 Aug 2021 12:27:56 GMT" time="1.020" errors="0">
  <testcase name="getAPITestwithHeader" time="1.020" classname="tests.GetAPI"/>
</testsuite> <!-- tests.GetAPI -->
