<?xml version="1.0" encoding="UTF-8"?>
<!-- Generated by org.testng.reporters.JUnitReportReporter -->
<testsuite skipped="0" hostname="TR-B36B1Z2" name="tests.Simple" tests="1" failures="0" timestamp="21 Aug 2021 05:24:35 GMT" time="1.401" errors="0">
  <testcase name="simpleAPI" time="1.401" classname="tests.Simple"/>
</testsuite> <!-- tests.Simple -->
